{"numTotalTestSuites":22,"numPassedTestSuites":20,"numFailedTestSuites":2,"numPendingTestSuites":0,"numTotalTests":220,"numPassedTests":219,"numFailedTests":1,"numPendingTests":0,"numTodoTests":0,"snapshot":{"added":0,"failure":false,"filesAdded":0,"filesRemoved":0,"filesRemovedList":[],"filesUnmatched":0,"filesUpdated":0,"matched":0,"total":0,"unchecked":0,"uncheckedKeysByFile":[],"unmatched":0,"updated":0,"didUpdate":false},"startTime":1776885025116,"success":false,"testResults":[{"assertionResults":[{"ancestorTitles":["WorkflowContext"],"fullName":"WorkflowContext initializes with data and tracks node outputs","status":"passed","title":"initializes with data and tracks node outputs","duration":1.3109999999999218,"failureMessages":[],"meta":{}},{"ancestorTitles":["WorkflowContext"],"fullName":"WorkflowContext tracks retry attempts","status":"passed","title":"tracks retry attempts","duration":0.20859999999993306,"failureMessages":[],"meta":{}},{"ancestorTitles":["WorkflowContext"],"fullName":"WorkflowContext fork() creates independent clone with upstream data","status":"passed","title":"fork() creates independent clone with upstream data","duration":0.29979999999977736,"failureMessages":[],"meta":{}},{"ancestorTitles":["WorkflowContext"],"fullName":"WorkflowContext toJSON() includes retryAttempts","status":"passed","title":"toJSON() includes retryAttempts","duration":1.9606000000001131,"failureMessages":[],"meta":{}},{"ancestorTitles":["WorkflowContext"],"fullName":"WorkflowContext condition.expression resolves template placeholders as JS literals","status":"passed","title":"condition.expression resolves template placeholders as JS literals","duration":0.7525000000000546,"failureMessages":[],"meta":{}},{"ancestorTitles":["WorkflowContext"],"fullName":"WorkflowContext preserves condition.expression templates through engine config resolution","status":"passed","title":"preserves condition.expression templates through engine config resolution","duration":138.62840000000006,"failureMessages":[],"meta":{}},{"ancestorTitles":["WorkflowContext"],"fullName":"WorkflowContext condition.expression allows benign identifiers that contain eval as a substring","status":"passed","title":"condition.expression allows benign identifiers that contain eval as a substring","duration":0.24499999999989086,"failureMessages":[],"meta":{}},{"ancestorTitles":["WorkflowContext"],"fullName":"WorkflowContext resolve() interpolates templates from data and node outputs","status":"passed","title":"resolve() interpolates templates from data and node outputs","duration":0.27359999999998763,"failureMessages":[],"meta":{}},{"ancestorTitles":["WorkflowContext"],"fullName":"WorkflowContext resolve() interpolates node outputs with hyphenated node IDs","status":"passed","title":"resolve() interpolates node outputs with hyphenated node IDs","duration":0.18029999999998836,"failureMessages":[],"meta":{}},{"ancestorTitles":["WorkflowContext"],"fullName":"WorkflowContext resolve() preserves raw value types for exact placeholders","status":"passed","title":"resolve() preserves raw value types for exact placeholders","duration":0.19349999999985812,"failureMessages":[],"meta":{}},{"ancestorTitles":["WorkflowEngine - retry logic"],"fullName":"WorkflowEngine - retry logic retries a failing node up to maxRetries then fails","status":"passed","title":"retries a failing node up to maxRetries then fails","duration":98.87529999999992,"failureMessages":[],"meta":{}},{"ancestorTitles":["WorkflowEngine - retry logic"],"fullName":"WorkflowEngine - retry logic resolves templates inside array config values before node execution","status":"passed","title":"resolves templates inside array config values before node execution","duration":85.96699999999987,"failureMessages":[],"meta":{}},{"ancestorTitles":["WorkflowEngine - retry logic"],"fullName":"WorkflowEngine - retry logic resolves edge condition templates from workflow variables","status":"passed","title":"resolves edge condition templates from workflow variables","duration":91.35249999999996,"failureMessages":[],"meta":{}},{"ancestorTitles":["WorkflowEngine - retry logic"],"fullName":"WorkflowEngine - retry logic supports exact-placeholder boolean edge conditions","status":"passed","title":"supports exact-placeholder boolean edge conditions","duration":87.91029999999978,"failureMessages":[],"meta":{}},{"ancestorTitles":["WorkflowEngine - retry logic"],"fullName":"WorkflowEngine - retry logic propagates skipped branch dependencies so converging false-path nodes can still run","status":"passed","title":"propagates skipped branch dependencies so converging false-path nodes can still run","duration":96.48029999999994,"failureMessages":[],"meta":{}},{"ancestorTitles":["WorkflowEngine - retry logic"],"fullName":"WorkflowEngine - retry logic retries then succeeds on second attempt","status":"passed","title":"retries then succeeds on second attempt","duration":107.09879999999998,"failureMessages":[],"meta":{}},{"ancestorTitles":["WorkflowEngine - retry logic"],"fullName":"WorkflowEngine - retry logic skips retry when retryable is false","status":"passed","title":"skips retry when retryable is false","duration":85.20769999999993,"failureMessages":[],"meta":{}},{"ancestorTitles":["WorkflowEngine - retry logic"],"fullName":"WorkflowEngine - retry logic emits node:retry events","status":"passed","title":"emits node:retry events","duration":103.34770000000003,"failureMessages":[],"meta":{}},{"ancestorTitles":["WorkflowEngine - loop.for_each"],"fullName":"WorkflowEngine - loop.for_each actually iterates downstream nodes per item","status":"passed","title":"actually iterates downstream nodes per item","duration":90.13109999999983,"failureMessages":[],"meta":{}},{"ancestorTitles":["WorkflowEngine - loop.for_each"],"fullName":"WorkflowEngine - loop.for_each emits loop:iteration events","status":"passed","title":"emits loop:iteration events","duration":101.83069999999998,"failureMessages":[],"meta":{}},{"ancestorTitles":["WorkflowEngine - loop.for_each"],"fullName":"WorkflowEngine - loop.for_each returns totalItems alongside count for batch summary templates","status":"passed","title":"returns totalItems alongside count for batch summary templates","duration":117.14439999999968,"failureMessages":[],"meta":{}},{"ancestorTitles":["WorkflowEngine - loop.for_each"],"fullName":"WorkflowEngine - loop.for_each dispatches child workflows without waiting for completion when mode=dispatch","status":"passed","title":"dispatches child workflows without waiting for completion when mode=dispatch","duration":176.46190000000024,"failureMessages":[],"meta":{}},{"ancestorTitles":["WorkflowEngine - loop.for_each"],"fullName":"WorkflowEngine - loop.for_each promotes task identity from loop item payloads into dispatched child workflows","status":"passed","title":"promotes task identity from loop item payloads into dispatched child workflows","duration":210.86479999999983,"failureMessages":[],"meta":{}},{"ancestorTitles":["WorkflowEngine - loop.for_each"],"fullName":"WorkflowEngine - loop.for_each keeps task identity isolated across concurrent loop dispatch items","status":"passed","title":"keeps task identity isolated across concurrent loop dispatch items","duration":308.9852000000001,"failureMessages":[],"meta":{}},{"ancestorTitles":["WorkflowEngine - loop.for_each"],"fullName":"WorkflowEngine - loop.for_each overrides inherited parent task context with per-item loop task identity","status":"passed","title":"overrides inherited parent task context with per-item loop task identity","duration":176.38239999999996,"failureMessages":[],"meta":{}},{"ancestorTitles":["WorkflowEngine - loop.for_each"],"fullName":"WorkflowEngine - loop.for_each does not inherit parent branch context when loop child task omits branch metadata","status":"passed","title":"does not inherit parent branch context when loop child task omits branch metadata","duration":204.96000000000004,"failureMessages":[],"meta":{}},{"ancestorTitles":["WorkflowEngine - loop.for_each"],"fullName":"WorkflowEngine - loop.for_each counts only allocated task lifecycle slots during loop dispatch fan-out","status":"passed","title":"counts only allocated task lifecycle slots during loop dispatch fan-out","duration":386.13679999999977,"failureMessages":[],"meta":{}},{"ancestorTitles":["WorkflowEngine - source port routing"],"fullName":"WorkflowEngine - source port routing routes only the selected switch port","status":"passed","title":"routes only the selected switch port","duration":117.24500000000035,"failureMessages":[],"meta":{}},{"ancestorTitles":["WorkflowEngine - source port routing"],"fullName":"WorkflowEngine - source port routing keeps shared downstream nodes runnable when one conditional edge is false","status":"passed","title":"keeps shared downstream nodes runnable when one conditional edge is false","duration":169.54369999999972,"failureMessages":[],"meta":{}},{"ancestorTitles":["WorkflowEngine - source port routing"],"fullName":"WorkflowEngine - source port routing preserves mixed legacy and explicit port graphs during execution","status":"passed","title":"preserves mixed legacy and explicit port graphs during execution","duration":134.87109999999984,"failureMessages":[],"meta":{}},{"ancestorTitles":["WorkflowEngine - source port routing"],"fullName":"WorkflowEngine - source port routing falls back to default edges when a node emits an unmatched custom port","status":"passed","title":"falls back to default edges when a node emits an unmatched custom port","duration":108.8788999999997,"failureMessages":[],"meta":{}},{"ancestorTitles":["WorkflowEngine - source port routing"],"fullName":"WorkflowEngine - source port routing rejects unknown explicit source and target ports before execution","status":"passed","title":"rejects unknown explicit source and target ports before execution","duration":1.9954999999999927,"failureMessages":[],"meta":{}},{"ancestorTitles":["WorkflowEngine - source port routing"],"fullName":"WorkflowEngine - source port routing honors explicit source port mappings across branch and back-edge retries","status":"passed","title":"honors explicit source port mappings across branch and back-edge retries","duration":132.33020000000033,"failureMessages":[],"meta":{}},{"ancestorTitles":["WorkflowEngine - source port routing"],"fullName":"WorkflowEngine - source port routing accepts legacy condition port aliases alongside explicit yes/no routing","status":"passed","title":"accepts legacy condition port aliases alongside explicit yes/no routing","duration":2.208699999999226,"failureMessages":[],"meta":{}},{"ancestorTitles":["WorkflowEngine - source port routing"],"fullName":"WorkflowEngine - source port routing infers transform.llm_parse ports from configured output fields","status":"passed","title":"infers transform.llm_parse ports from configured output fields","duration":2.36869999999999,"failureMessages":[],"meta":{}},{"ancestorTitles":["WorkflowEngine - source port routing"],"fullName":"WorkflowEngine - source port routing rejects executing loaded workflows that still carry invalid explicit ports","status":"passed","title":"rejects executing loaded workflows that still carry invalid explicit ports","duration":28.516999999999825,"failureMessages":[],"meta":{}},{"ancestorTitles":["WorkflowEngine - run history details"],"fullName":"WorkflowEngine - run history details persists rich summary metadata and exposes detailed run payload","status":"passed","title":"persists rich summary metadata and exposes detailed run payload","duration":94.95340000000033,"failureMessages":[],"meta":{}},{"ancestorTitles":["WorkflowEngine - run history details"],"fullName":"WorkflowEngine - run history details fails run persistence when task identity fields still contain unresolved template tokens","status":"failed","title":"fails run persistence when task identity fields still contain unresolved template tokens","duration":110.4948000000004,"failureMessages":["AssertionError: expected '{\\n  \"id\": \"21a32641-e448-4c10-bd04-1…' not to contain '{{taskId}}'\n    at C:/Users/jON/Documents/source/repos/virtengine-gh/bosun/tests/workflow-engine.test.mjs:1637:27\n    at file:///C:/Users/jON/Documents/source/repos/virtengine-gh/bosun/node_modules/@vitest/runner/dist/index.js:915:20"],"meta":{}},{"ancestorTitles":["WorkflowEngine - run history details"],"fullName":"WorkflowEngine - run history details sanitizes legacy polluted run history so unresolved task tokens are ignored on read","status":"passed","title":"sanitizes legacy polluted run history so unresolved task tokens are ignored on read","duration":25.46140000000014,"failureMessages":[],"meta":{}},{"ancestorTitles":["WorkflowEngine - run history details"],"fullName":"WorkflowEngine - run history details persists governance metadata into run summary, detail, and execution ledger","status":"passed","title":"persists governance metadata into run summary, detail, and execution ledger","duration":97.4348,"failureMessages":[],"meta":{}},{"ancestorTitles":["WorkflowEngine - run history details"],"fullName":"WorkflowEngine - run history details preserves task identity when completed run detail compaction truncates large data objects","status":"passed","title":"preserves task identity when completed run detail compaction truncates large data objects","duration":118.3734000000004,"failureMessages":[],"meta":{}},{"ancestorTitles":["WorkflowEngine - run history details"],"fullName":"WorkflowEngine - run history details stores issue-advisor and DAGState failure context for continuation","status":"passed","title":"stores issue-advisor and DAGState failure context for continuation","duration":95.54809999999998,"failureMessages":[],"meta":{}},{"ancestorTitles":["WorkflowEngine - run history details"],"fullName":"WorkflowEngine - run history details does not mark completed runs with skipped branches as resumable","status":"passed","title":"does not mark completed runs with skipped branches as resumable","duration":1.1739999999999782,"failureMessages":[],"meta":{}},{"ancestorTitles":["WorkflowEngine - run history details"],"fullName":"WorkflowEngine - run history details hydrates delegation audit trail and guard maps into run detail and history","status":"passed","title":"hydrates delegation audit trail and guard maps into run detail and history","duration":124.90619999999944,"failureMessages":[],"meta":{}},{"ancestorTitles":["WorkflowEngine - run history details"],"fullName":"WorkflowEngine - run history details threads validation diagnostics into run detail and history summaries","status":"passed","title":"threads validation diagnostics into run detail and history summaries","duration":113.44530000000032,"failureMessages":[],"meta":{}},{"ancestorTitles":["WorkflowEngine - run history details"],"fullName":"WorkflowEngine - run history details returns retry options with an issue-advisor recommendation","status":"passed","title":"returns retry options with an issue-advisor recommendation","duration":93.71860000000015,"failureMessages":[],"meta":{}},{"ancestorTitles":["WorkflowEngine - run history details"],"fullName":"WorkflowEngine - run history details uses issue-advisor guidance to escalate first auto-retry attempt to replan_from_failed","status":"passed","title":"uses issue-advisor guidance to escalate first auto-retry attempt to replan_from_failed","duration":122.51959999999963,"failureMessages":[],"meta":{}},{"ancestorTitles":["WorkflowEngine - run history details"],"fullName":"WorkflowEngine - run history details returns runs in descending order and null for unknown run details","status":"passed","title":"returns runs in descending order and null for unknown run details","duration":215.26820000000043,"failureMessages":[],"meta":{}},{"ancestorTitles":["WorkflowEngine - run history details"],"fullName":"WorkflowEngine - run history details returns paginated run history metadata without dropping total counts","status":"passed","title":"returns paginated run history metadata without dropping total counts","duration":188.65780000000086,"failureMessages":[],"meta":{}},{"ancestorTitles":["WorkflowEngine - run history details"],"fullName":"WorkflowEngine - run history details paginates run history from summaries without rereading each run detail","status":"passed","title":"paginates run history from summaries without rereading each run detail","duration":165.51580000000013,"failureMessages":[],"meta":{}},{"ancestorTitles":["WorkflowEngine - run history details"],"fullName":"WorkflowEngine - run history details uses SQL-backed page reads without invoking legacy index hydration","status":"passed","title":"uses SQL-backed page reads without invoking legacy index hydration","duration":174.99239999999918,"failureMessages":[],"meta":{}},{"ancestorTitles":["WorkflowEngine - run history details"],"fullName":"WorkflowEngine - run history details reads paged run history from SQL-backed summaries when the legacy index is missing","status":"passed","title":"reads paged run history from SQL-backed summaries when the legacy index is missing","duration":134.4327999999996,"failureMessages":[],"meta":{}},{"ancestorTitles":["WorkflowEngine - run history details"],"fullName":"WorkflowEngine - run history details pages SQL-backed run history with offsets when the legacy index is missing","status":"passed","title":"pages SQL-backed run history with offsets when the legacy index is missing","duration":180.8746999999994,"failureMessages":[],"meta":{}},{"ancestorTitles":["WorkflowEngine - run history details"],"fullName":"WorkflowEngine - run history details backfills sparse paged run summaries from run detail files when summary fields are missing","status":"passed","title":"backfills sparse paged run summaries from run detail files when summary fields are missing","duration":104.25939999999991,"failureMessages":[],"meta":{}},{"ancestorTitles":["WorkflowEngine - run history details"],"fullName":"WorkflowEngine - run history details paginates global run history beyond the initial page size","status":"passed","title":"paginates global run history beyond the initial page size","duration":33.64440000000013,"failureMessages":[],"meta":{}},{"ancestorTitles":["WorkflowEngine - run history details"],"fullName":"WorkflowEngine - run history details repairs common mojibake in workflow run history and detail text fields","status":"passed","title":"repairs common mojibake in workflow run history and detail text fields","duration":81.81630000000041,"failureMessages":[],"meta":{}},{"ancestorTitles":["WorkflowEngine - run history details"],"fullName":"WorkflowEngine - run history details includes active runs in history and exposes live run detail while executing","status":"passed","title":"includes active runs in history and exposes live run detail while executing","duration":127.27769999999964,"failureMessages":[],"meta":{}},{"ancestorTitles":["WorkflowEngine - run history details"],"fullName":"WorkflowEngine - run history details skips checkpoint writes once a run is no longer active","status":"passed","title":"skips checkpoint writes once a run is no longer active","duration":711.9314999999997,"failureMessages":[],"meta":{}},{"ancestorTitles":["WorkflowEngine - run history details"],"fullName":"WorkflowEngine - run history details persists active-run task identity without inherited parent task carryover","status":"passed","title":"persists active-run task identity without inherited parent task carryover","duration":18.918299999999363,"failureMessages":[],"meta":{}},{"ancestorTitles":["WorkflowEngine - run history details"],"fullName":"WorkflowEngine - run history details preserves sibling active-runs entries when one run is cleared","status":"passed","title":"preserves sibling active-runs entries when one run is cleared","duration":28.511599999999817,"failureMessages":[],"meta":{}},{"ancestorTitles":["WorkflowEngine - run history details"],"fullName":"WorkflowEngine - run history details links persisted active runs into task topology at run start","status":"passed","title":"links persisted active runs into task topology at run start","duration":1918.843899999999,"failureMessages":[],"meta":{}},{"ancestorTitles":["WorkflowEngine - run history details"],"fullName":"WorkflowEngine - run history details scopes persisted run summaries to the current run identity","status":"passed","title":"scopes persisted run summaries to the current run identity","duration":1.5393999999996595,"failureMessages":[],"meta":{}},{"ancestorTitles":["WorkflowEngine - run history details"],"fullName":"WorkflowEngine - run history details sanitizes live timeout handles before checkpoint persistence","status":"passed","title":"sanitizes live timeout handles before checkpoint persistence","duration":1.4701999999997497,"failureMessages":[],"meta":{}},{"ancestorTitles":["WorkflowEngine - run history details"],"fullName":"WorkflowEngine - run history details compacts oversized completed run details for task-heavy loop outputs","status":"passed","title":"compacts oversized completed run details for task-heavy loop outputs","duration":3.2115999999987253,"failureMessages":[],"meta":{}},{"ancestorTitles":["WorkflowEngine - run history details"],"fullName":"WorkflowEngine - run history details tasks.update can delete selected metadata keys without overwriting remaining meta","status":"passed","title":"tasks.update can delete selected metadata keys without overwriting remaining meta","duration":101.63060000000041,"failureMessages":[],"meta":{}},{"ancestorTitles":["WorkflowEngine - run history details"],"fullName":"WorkflowEngine - run history details loads persisted run detail from sqlite when the detail file is missing","status":"passed","title":"loads persisted run detail from sqlite when the detail file is missing","duration":75.36119999999937,"failureMessages":[],"meta":{}},{"ancestorTitles":["WorkflowEngine - run history details"],"fullName":"WorkflowEngine - run history details rebuilds the legacy run index from sqlite summaries when index.json is missing","status":"passed","title":"rebuilds the legacy run index from sqlite summaries when index.json is missing","duration":73.52880000000005,"failureMessages":[],"meta":{}},{"ancestorTitles":["WorkflowEngine - run history details"],"fullName":"WorkflowEngine - run history details reclassifies stale RUNNING index entries as interrupted on startup recovery","status":"passed","title":"reclassifies stale RUNNING index entries as interrupted on startup recovery","duration":7.870499999999083,"failureMessages":[],"meta":{}},{"ancestorTitles":["WorkflowEngine - run history details"],"fullName":"WorkflowEngine - run history details hydrates orphan running detail files into paused resumable index entries","status":"passed","title":"hydrates orphan running detail files into paused resumable index entries","duration":19.07459999999992,"failureMessages":[],"meta":{}},{"ancestorTitles":["WorkflowEngine - run history details"],"fullName":"WorkflowEngine - run history details includes existing paused resumable runs in the startup interrupted cohort","status":"passed","title":"includes existing paused resumable runs in the startup interrupted cohort","duration":9.334100000000035,"failureMessages":[],"meta":{}},{"ancestorTitles":["WorkflowEngine - run history details"],"fullName":"WorkflowEngine - run history details marks interrupted task-lifecycle shell runs with unresolved task placeholders as non-resumable","status":"passed","title":"marks interrupted task-lifecycle shell runs with unresolved task placeholders as non-resumable","duration":10.949299999998402,"failureMessages":[],"meta":{}},{"ancestorTitles":["WorkflowEngine - run history details"],"fullName":"WorkflowEngine - run history details skips retrying paused task-lifecycle shell runs with unresolved task placeholders","status":"passed","title":"skips retrying paused task-lifecycle shell runs with unresolved task placeholders","duration":8.339100000001054,"failureMessages":[],"meta":{}},{"ancestorTitles":["WorkflowEngine - run history details"],"fullName":"WorkflowEngine - run history details does not resume an interrupted task run when a newer run already exists for the same task","status":"passed","title":"does not resume an interrupted task run when a newer run already exists for the same task","duration":5.010399999999208,"failureMessages":[],"meta":{}},{"ancestorTitles":["WorkflowEngine - run history details"],"fullName":"WorkflowEngine - run history details deduplicates interrupted runs from ledger task identity when detail files omit task ids","status":"passed","title":"deduplicates interrupted runs from ledger task identity when detail files omit task ids","duration":17.229099999998652,"failureMessages":[],"meta":{}},{"ancestorTitles":["WorkflowEngine - run history details"],"fullName":"WorkflowEngine - run history details prioritizes the current interrupted-run scan without starving older paused runs","status":"passed","title":"prioritizes the current interrupted-run scan without starving older paused runs","duration":13.18199999999888,"failureMessages":[],"meta":{}},{"ancestorTitles":["WorkflowEngine - run history details"],"fullName":"WorkflowEngine - run history details does not block later interrupted resumes behind a long-running first retry","status":"passed","title":"does not block later interrupted resumes behind a long-running first retry","duration":69.79700000000048,"failureMessages":[],"meta":{}},{"ancestorTitles":["WorkflowEngine - run history details"],"fullName":"WorkflowEngine - run history details does not load the full execution ledger during interrupted-run dedupe","status":"passed","title":"does not load the full execution ledger during interrupted-run dedupe","duration":12.954799999999523,"failureMessages":[],"meta":{}},{"ancestorTitles":["WorkflowEngine - run history details"],"fullName":"WorkflowEngine - run history details only resumes the most recently interrupted paused cohort when no startup queue is present","status":"passed","title":"only resumes the most recently interrupted paused cohort when no startup queue is present","duration":12.32510000000002,"failureMessages":[],"meta":{}},{"ancestorTitles":["WorkflowEngine - run history details"],"fullName":"WorkflowEngine - run history details skips interrupted descendant runs when their root run is also being resumed","status":"passed","title":"skips interrupted descendant runs when their root run is also being resumed","duration":13.555200000000696,"failureMessages":[],"meta":{}},{"ancestorTitles":["WorkflowEngine - run history details"],"fullName":"WorkflowEngine - run history details does not resume taskless scheduled workflows from interrupted startup state","status":"passed","title":"does not resume taskless scheduled workflows from interrupted startup state","duration":7.365200000000186,"failureMessages":[],"meta":{}},{"ancestorTitles":["WorkflowEngine - run history details"],"fullName":"WorkflowEngine - run history details refreshes migrated task-lifecycle defaults when retrying an interrupted run","status":"passed","title":"refreshes migrated task-lifecycle defaults when retrying an interrupted run","duration":42.09689999999864,"failureMessages":[],"meta":{}},{"ancestorTitles":["WorkflowEngine - run history details"],"fullName":"WorkflowEngine - run history details replays only the satisfied branch when retrying from_failed","status":"passed","title":"replays only the satisfied branch when retrying from_failed","duration":49.44460000000072,"failureMessages":[],"meta":{}},{"ancestorTitles":["WorkflowEngine - run history details"],"fullName":"WorkflowEngine - run history details retries a stalled non-task delegation run exactly once during interrupted-run recovery","status":"passed","title":"retries a stalled non-task delegation run exactly once during interrupted-run recovery","duration":13.22070000000167,"failureMessages":[],"meta":{}},{"ancestorTitles":["WorkflowEngine - run history details"],"fullName":"WorkflowEngine - run history details marks a repeatedly stalled non-task delegation run unresumable without looping","status":"passed","title":"marks a repeatedly stalled non-task delegation run unresumable without looping","duration":12.76430000000073,"failureMessages":[],"meta":{}},{"ancestorTitles":["WorkflowEngine - run history details"],"fullName":"WorkflowEngine - run history details restarts interrupted task-scoped runs from scratch when no active claim remains","status":"passed","title":"restarts interrupted task-scoped runs from scratch when no active claim remains","duration":102.59959999999955,"failureMessages":[],"meta":{}},{"ancestorTitles":["WorkflowEngine - run history details"],"fullName":"WorkflowEngine - run history details keeps localized resume when interrupted run detail still carries a claim token","status":"passed","title":"keeps localized resume when interrupted run detail still carries a claim token","duration":82.4927000000007,"failureMessages":[],"meta":{}},{"ancestorTitles":["WorkflowEngine - run history details"],"fullName":"WorkflowEngine - run history details resumes interrupted runs with replan_from_failed when issue-advisor requests replanning","status":"passed","title":"resumes interrupted runs with replan_from_failed when issue-advisor requests replanning","duration":8.477100000000064,"failureMessages":[],"meta":{}},{"ancestorTitles":["WorkflowEngine - run history details"],"fullName":"WorkflowEngine - run history details does not resume an interrupted task run when a newer run already exists for the same task","status":"passed","title":"does not resume an interrupted task run when a newer run already exists for the same task","duration":4.8914999999997235,"failureMessages":[],"meta":{}},{"ancestorTitles":["WorkflowEngine - run history details"],"fullName":"WorkflowEngine - run history details refreshes migrated task-lifecycle defaults for fresh task-lifecycle executions","status":"passed","title":"refreshes migrated task-lifecycle defaults for fresh task-lifecycle executions","duration":69.24229999999989,"failureMessages":[],"meta":{}},{"ancestorTitles":["WorkflowEngine - run history details"],"fullName":"WorkflowEngine - run history details prefers indexed history without hydrating detail files when index is present","status":"passed","title":"prefers indexed history without hydrating detail files when index is present","duration":13.13090000000011,"failureMessages":[],"meta":{}},{"ancestorTitles":["WorkflowEngine - run history details"],"fullName":"WorkflowEngine - run history details supports cooperative cancellation for running runs","status":"passed","title":"supports cooperative cancellation for running runs","duration":89.10560000000078,"failureMessages":[],"meta":{}},{"ancestorTitles":["New node types"],"fullName":"New node types trigger.anomaly matches by type and severity","status":"passed","title":"trigger.anomaly matches by type and severity","duration":0.20539999999891734,"failureMessages":[],"meta":{}},{"ancestorTitles":["New node types"],"fullName":"New node types trigger.anomaly rejects low severity when minSeverity is high","status":"passed","title":"trigger.anomaly rejects low severity when minSeverity is high","duration":0.08110000000124273,"failureMessages":[],"meta":{}},{"ancestorTitles":["New node types"],"fullName":"New node types trigger.anomaly filters by agent regex","status":"passed","title":"trigger.anomaly filters by agent regex","duration":0.1283000000003085,"failureMessages":[],"meta":{}},{"ancestorTitles":["New node types"],"fullName":"New node types trigger.meeting.wake_phrase matches transcript payload with session and role filters","status":"passed","title":"trigger.meeting.wake_phrase matches transcript payload with session and role filters","duration":0.4831999999987602,"failureMessages":[],"meta":{}},{"ancestorTitles":["New node types"],"fullName":"New node types trigger.meeting.wake_phrase soft-fails invalid regex mode","status":"passed","title":"trigger.meeting.wake_phrase soft-fails invalid regex mode","duration":0.1478000000006432,"failureMessages":[],"meta":{}},{"ancestorTitles":["New node types"],"fullName":"New node types trigger.scheduled_once resolves relative time expressions","status":"passed","title":"trigger.scheduled_once resolves relative time expressions","duration":0.22580000000016298,"failureMessages":[],"meta":{}},{"ancestorTitles":["New node types"],"fullName":"New node types action.delay supports seconds, minutes, hours","status":"passed","title":"action.delay supports seconds, minutes, hours","duration":12.546299999999974,"failureMessages":[],"meta":{}},{"ancestorTitles":["New node types"],"fullName":"New node types action.delay supports legacy durationMs/message aliases","status":"passed","title":"action.delay supports legacy durationMs/message aliases","duration":15.727899999999863,"failureMessages":[],"meta":{}},{"ancestorTitles":["New node types"],"fullName":"New node types action.delay honors explicit zero delay without falling back to the default","status":"passed","title":"action.delay honors explicit zero delay without falling back to the default","duration":15.281300000000556,"failureMessages":[],"meta":{}},{"ancestorTitles":["New node types"],"fullName":"New node types flow.gate opens on condition","status":"passed","title":"flow.gate opens on condition","duration":0.5271000000011554,"failureMessages":[],"meta":{}},{"ancestorTitles":["New node types"],"fullName":"New node types flow.gate timeout mode waits then proceeds","status":"passed","title":"flow.gate timeout mode waits then proceeds","duration":62.159999999999854,"failureMessages":[],"meta":{}},{"ancestorTitles":["New node types"],"fullName":"New node types flow.gate manual mode persists and consumes durable approval queue decisions","status":"passed","title":"flow.gate manual mode persists and consumes durable approval queue decisions","duration":41.50630000000092,"failureMessages":[],"meta":{}},{"ancestorTitles":["New node types"],"fullName":"New node types flow.join reports joined=true when all listed sources are completed/skipped","status":"passed","title":"flow.join reports joined=true when all listed sources are completed/skipped","duration":0.2975000000005821,"failureMessages":[],"meta":{}},{"ancestorTitles":["New node types"],"fullName":"New node types flow.end returns explicit terminal signal","status":"passed","title":"flow.end returns explicit terminal signal","duration":0.1676000000006752,"failureMessages":[],"meta":{}},{"ancestorTitles":["New node types"],"fullName":"New node types flow.universal and flow.universial dispatch to child workflows","status":"passed","title":"flow.universal and flow.universial dispatch to child workflows","duration":357.1858000000011,"failureMessages":[],"meta":{}},{"ancestorTitles":["New node types"],"fullName":"New node types flow.universal dispatch mode accepts synchronous engine return values","status":"passed","title":"flow.universal dispatch mode accepts synchronous engine return values","duration":6.5636000000013155,"failureMessages":[],"meta":{}},{"ancestorTitles":["New node types"],"fullName":"New node types flow.end hard-stops remaining nodes and marks run as failed","status":"passed","title":"flow.end hard-stops remaining nodes and marks run as failed","duration":86.38190000000031,"failureMessages":[],"meta":{}},{"ancestorTitles":["action.execute_workflow"],"fullName":"action.execute_workflow sync mode executes child workflow with resolved input and stores summary output","status":"passed","title":"sync mode executes child workflow with resolved input and stores summary output","duration":147.90099999999984,"failureMessages":[],"meta":{}},{"ancestorTitles":["action.execute_workflow"],"fullName":"action.execute_workflow sync mode resolves installed template aliases via metadata.installedFrom","status":"passed","title":"sync mode resolves installed template aliases via metadata.installedFrom","duration":143.98539999999957,"failureMessages":[],"meta":{}},{"ancestorTitles":["action.execute_workflow"],"fullName":"action.execute_workflow decorates run detail with planner timeline and proof bundle surfaces","status":"passed","title":"decorates run detail with planner timeline and proof bundle surfaces","duration":31.402400000000853,"failureMessages":[],"meta":{}},{"ancestorTitles":["action.execute_workflow"],"fullName":"action.execute_workflow reuses a single run detail lookup when building full run forensics","status":"passed","title":"reuses a single run detail lookup when building full run forensics","duration":93.32200000000012,"failureMessages":[],"meta":{}},{"ancestorTitles":["action.execute_workflow"],"fullName":"action.execute_workflow dispatch mode queues child workflow without waiting for completion","status":"passed","title":"dispatch mode queues child workflow without waiting for completion","duration":21.22440000000097,"failureMessages":[],"meta":{}},{"ancestorTitles":["action.execute_workflow"],"fullName":"action.execute_workflow hydrates delegation audit trail from persisted run detail into history and detail views","status":"passed","title":"hydrates delegation audit trail from persisted run detail into history and detail views","duration":14.452300000000832,"failureMessages":[],"meta":{}},{"ancestorTitles":["action.execute_workflow"],"fullName":"action.execute_workflow dispatch mode accepts synchronous engine return values","status":"passed","title":"dispatch mode accepts synchronous engine return values","duration":20.905000000000655,"failureMessages":[],"meta":{}},{"ancestorTitles":["action.execute_workflow"],"fullName":"action.execute_workflow blocks recursive workflow loops unless allowRecursive is true","status":"passed","title":"blocks recursive workflow loops unless allowRecursive is true","duration":24.16489999999976,"failureMessages":[],"meta":{}},{"ancestorTitles":["action.execute_workflow"],"fullName":"action.execute_workflow sync mode honors failOnChildError","status":"passed","title":"sync mode honors failOnChildError","duration":43.08189999999922,"failureMessages":[],"meta":{}},{"ancestorTitles":["action.execute_workflow"],"fullName":"action.execute_workflow sync mode reuses the parent run slot under saturation","status":"passed","title":"sync mode reuses the parent run slot under saturation","duration":182.16529999999875,"failureMessages":[],"meta":{}},{"ancestorTitles":["action.execute_workflow"],"fullName":"action.execute_workflow sync mode includes child terminal output in the returned summary","status":"passed","title":"sync mode includes child terminal output in the returned summary","duration":170.2403000000013,"failureMessages":[],"meta":{}},{"ancestorTitles":["action.inline_workflow and executeDefinition"],"fullName":"action.inline_workflow and executeDefinition executeDefinition runs an ephemeral workflow without saving it","status":"passed","title":"executeDefinition runs an ephemeral workflow without saving it","duration":90.4390999999996,"failureMessages":[],"meta":{}},{"ancestorTitles":["action.inline_workflow and executeDefinition"],"fullName":"action.inline_workflow and executeDefinition sync mode executes embedded workflows and unwraps flow.end output","status":"passed","title":"sync mode executes embedded workflows and unwraps flow.end output","duration":141.67549999999937,"failureMessages":[],"meta":{}},{"ancestorTitles":["action.inline_workflow and executeDefinition"],"fullName":"action.inline_workflow and executeDefinition persists the workflow definition snapshot with each historical run","status":"passed","title":"persists the workflow definition snapshot with each historical run","duration":91.72289999999884,"failureMessages":[],"meta":{}},{"ancestorTitles":["action.inline_workflow and executeDefinition"],"fullName":"action.inline_workflow and executeDefinition dispatch mode queues embedded workflows without waiting for completion","status":"passed","title":"dispatch mode queues embedded workflows without waiting for completion","duration":1.3554000000003725,"failureMessages":[],"meta":{}},{"ancestorTitles":["meeting workflow nodes"],"fullName":"meeting workflow nodes executes meeting.start -> meeting.send -> meeting.transcript -> meeting.finalize with service wiring","status":"passed","title":"executes meeting.start -> meeting.send -> meeting.transcript -> meeting.finalize with service wiring","duration":118.28679999999986,"failureMessages":[],"meta":{}},{"ancestorTitles":["meeting workflow nodes"],"fullName":"meeting workflow nodes meeting.vision forwards frame analysis options and stores summary in context","status":"passed","title":"meeting.vision forwards frame analysis options and stores summary in context","duration":1.3760999999994965,"failureMessages":[],"meta":{}},{"ancestorTitles":["meeting workflow nodes"],"fullName":"meeting workflow nodes meeting.send returns soft failure when failOnError=false","status":"passed","title":"meeting.send returns soft failure when failOnError=false","duration":1.1211000000002969,"failureMessages":[],"meta":{}},{"ancestorTitles":["WorkflowEngine trigger evaluation"],"fullName":"WorkflowEngine trigger evaluation includes trigger.meeting.wake_phrase for meeting transcript events","status":"passed","title":"includes trigger.meeting.wake_phrase for meeting transcript events","duration":16.809300000000803,"failureMessages":[],"meta":{}},{"ancestorTitles":["WorkflowEngine trigger evaluation"],"fullName":"WorkflowEngine trigger evaluation evaluateScheduleTriggers fires workflows whose interval has elapsed","status":"passed","title":"evaluateScheduleTriggers fires workflows whose interval has elapsed","duration":17.971600000000763,"failureMessages":[],"meta":{}},{"ancestorTitles":["WorkflowEngine trigger evaluation"],"fullName":"WorkflowEngine trigger evaluation evaluateScheduleTriggers resolves templated schedule interval from workflow variables","status":"passed","title":"evaluateScheduleTriggers resolves templated schedule interval from workflow variables","duration":80.0062999999991,"failureMessages":[],"meta":{}},{"ancestorTitles":["WorkflowEngine trigger evaluation"],"fullName":"WorkflowEngine trigger evaluation evaluateScheduleTriggers polls trigger.task_available workflows","status":"passed","title":"evaluateScheduleTriggers polls trigger.task_available workflows","duration":16.331099999999424,"failureMessages":[],"meta":{}},{"ancestorTitles":["WorkflowEngine trigger evaluation"],"fullName":"WorkflowEngine trigger evaluation evaluateScheduleTriggers uses pollIntervalMs for trigger.task_available","status":"passed","title":"evaluateScheduleTriggers uses pollIntervalMs for trigger.task_available","duration":152.41560000000027,"failureMessages":[],"meta":{}},{"ancestorTitles":["WorkflowEngine trigger evaluation"],"fullName":"WorkflowEngine trigger evaluation evaluateScheduleTriggers suppresses installed task lifecycle polls when batch dispatcher is enabled","status":"passed","title":"evaluateScheduleTriggers suppresses installed task lifecycle polls when batch dispatcher is enabled","duration":17.725099999999657,"failureMessages":[],"meta":{}},{"ancestorTitles":["WorkflowEngine trigger evaluation"],"fullName":"WorkflowEngine trigger evaluation evaluateScheduleTriggers uses the latest run timestamp per workflow","status":"passed","title":"evaluateScheduleTriggers uses the latest run timestamp per workflow","duration":6.898400000000038,"failureMessages":[],"meta":{}},{"ancestorTitles":["WorkflowEngine trigger evaluation"],"fullName":"WorkflowEngine trigger evaluation does not traverse downstream nodes when a trigger returns triggered: false","status":"passed","title":"does not traverse downstream nodes when a trigger returns triggered: false","duration":78.42740000000049,"failureMessages":[],"meta":{}},{"ancestorTitles":["WorkflowEngine trigger evaluation"],"fullName":"WorkflowEngine trigger evaluation propagates skipped multi-input branches so alternate satisfied edges can continue","status":"passed","title":"propagates skipped multi-input branches so alternate satisfied edges can continue","duration":131.84000000000015,"failureMessages":[],"meta":{}},{"ancestorTitles":["WorkflowEngine trigger evaluation"],"fullName":"WorkflowEngine trigger evaluation evaluateScheduleTriggers skips disabled workflows","status":"passed","title":"evaluateScheduleTriggers skips disabled workflows","duration":16.79650000000038,"failureMessages":[],"meta":{}},{"ancestorTitles":["Session chaining - action.run_agent"],"fullName":"Session chaining - action.run_agent keeps a workflow overseer session stable while swapping run workers across executions","status":"passed","title":"keeps a workflow overseer session stable while swapping run workers across executions","duration":159.92199999999866,"failureMessages":[],"meta":{}},{"ancestorTitles":["Session chaining - action.run_agent"],"fullName":"Session chaining - action.run_agent propagates threadId to context and streams agent events into run logs","status":"passed","title":"propagates threadId to context and streams agent events into run logs","duration":34.27930000000015,"failureMessages":[],"meta":{}},{"ancestorTitles":["Session chaining - action.run_agent"],"fullName":"Session chaining - action.run_agent marks action.run_agent as waiting until a shared agent slot is acquired","status":"passed","title":"marks action.run_agent as waiting until a shared agent slot is acquired","duration":53.259399999999005,"failureMessages":[],"meta":{}},{"ancestorTitles":["Session chaining - action.run_agent"],"fullName":"Session chaining - action.run_agent ignores unresolved model placeholders when launching an agent","status":"passed","title":"ignores unresolved model placeholders when launching an agent","duration":29.506999999999607,"failureMessages":[],"meta":{}},{"ancestorTitles":["Session chaining - action.run_agent"],"fullName":"Session chaining - action.run_agent falls back to the bound runtime worktree when cwd resolves to an unresolved template","status":"passed","title":"falls back to the bound runtime worktree when cwd resolves to an unresolved template","duration":31.955799999999726,"failureMessages":[],"meta":{}},{"ancestorTitles":["Session chaining - action.run_agent"],"fullName":"Session chaining - action.run_agent fails fast in strict cache anchor mode when system prompt includes task markers","status":"passed","title":"fails fast in strict cache anchor mode when system prompt includes task markers","duration":1.5988999999990483,"failureMessages":[],"meta":{}},{"ancestorTitles":["Session chaining - action.run_agent"],"fullName":"Session chaining - action.run_agent resolves templated timeoutMs before launching agent","status":"passed","title":"resolves templated timeoutMs before launching agent","duration":32.21139999999832,"failureMessages":[],"meta":{}},{"ancestorTitles":["Session chaining - action.run_agent"],"fullName":"Session chaining - action.run_agent propagates threadId to context from execWithRetry","status":"passed","title":"propagates threadId to context from execWithRetry","duration":0.9790000000011787,"failureMessages":[],"meta":{}},{"ancestorTitles":["Session chaining - action.run_agent"],"fullName":"Session chaining - action.run_agent ignores noisy delta stream events while keeping meaningful agent updates","status":"passed","title":"ignores noisy delta stream events while keeping meaningful agent updates","duration":29.049699999999575,"failureMessages":[],"meta":{}},{"ancestorTitles":["Session chaining - action.run_agent"],"fullName":"Session chaining - action.run_agent condenses noisy assistant events into narrative summaries","status":"passed","title":"condenses noisy assistant events into narrative summaries","duration":29.17540000000008,"failureMessages":[],"meta":{}},{"ancestorTitles":["Session chaining - action.run_agent"],"fullName":"Session chaining - action.run_agent propagates threadId to context from execWithRetry when autoRecover=true","status":"passed","title":"propagates threadId to context from execWithRetry when autoRecover=true","duration":28.429200000000492,"failureMessages":[],"meta":{}},{"ancestorTitles":["Session chaining - action.run_agent"],"fullName":"Session chaining - action.run_agent invalidates a stale task-key thread before retrying with a fresh managed session","status":"passed","title":"invalidates a stale task-key thread before retrying with a fresh managed session","duration":314.9359000000004,"failureMessages":[],"meta":{}},{"ancestorTitles":["Session chaining - action.run_agent"],"fullName":"Session chaining - action.run_agent creates and completes task sessions for task-backed agent runs","status":"passed","title":"creates and completes task sessions for task-backed agent runs","duration":324.7512000000006,"failureMessages":[],"meta":{}},{"ancestorTitles":["Session chaining - action.run_agent"],"fullName":"Session chaining - action.run_agent prepends architect/editor framing and repo maps for workflow agent runs","status":"passed","title":"prepends architect/editor framing and repo maps for workflow agent runs","duration":32.72990000000027,"failureMessages":[],"meta":{}},{"ancestorTitles":["Session chaining - action.run_agent"],"fullName":"Session chaining - action.run_agent throws when agent execution returns success=false when failOnError=true","status":"passed","title":"throws when agent execution returns success=false when failOnError=true","duration":29.048800000000483,"failureMessages":[],"meta":{}},{"ancestorTitles":["Session chaining - action.run_agent"],"fullName":"Session chaining - action.run_agent continues existing session before retrying fresh","status":"passed","title":"continues existing session before retrying fresh","duration":26.022899999999936,"failureMessages":[],"meta":{}},{"ancestorTitles":["Session chaining - action.run_agent"],"fullName":"Session chaining - action.run_agent treats continue-session fallback to launchEphemeralThread as a fresh ephemeral turn","status":"passed","title":"treats continue-session fallback to launchEphemeralThread as a fresh ephemeral turn","duration":25.869000000000597,"failureMessages":[],"meta":{}},{"ancestorTitles":["Session chaining - action.run_agent"],"fullName":"Session chaining - action.run_agent skips continuing a stored session from a different run_agent node","status":"passed","title":"skips continuing a stored session from a different run_agent node","duration":25.471700000000055,"failureMessages":[],"meta":{}},{"ancestorTitles":["Session chaining - action.run_agent"],"fullName":"Session chaining - action.run_agent runs multi-candidate selector mode when candidateCount > 1 and restores selected branch","status":"passed","title":"runs multi-candidate selector mode when candidateCount > 1 and restores selected branch","duration":1728.0281000000014,"failureMessages":[],"meta":{}},{"ancestorTitles":["Session chaining - action.run_agent"],"fullName":"Session chaining - action.run_agent delegates using full trigger.task_assigned semantics","status":"passed","title":"delegates using full trigger.task_assigned semantics","duration":307.02890000000116,"failureMessages":[],"meta":{}},{"ancestorTitles":["Session chaining - action.run_agent"],"fullName":"Session chaining - action.run_agent marks delegated task sessions as failed when the delegated workflow fails","status":"passed","title":"marks delegated task sessions as failed when the delegated workflow fails","duration":286.9962999999989,"failureMessages":[],"meta":{}},{"ancestorTitles":["Session chaining - action.run_agent"],"fullName":"Session chaining - action.run_agent persists ordered delegation audit trail in run detail and history","status":"passed","title":"persists ordered delegation audit trail in run detail and history","duration":477.01820000000225,"failureMessages":[],"meta":{}},{"ancestorTitles":["Session chaining - action.run_agent"],"fullName":"Session chaining - action.run_agent exposes delegation audit trail in run history and run detail","status":"passed","title":"exposes delegation audit trail in run history and run detail","duration":35.965000000000146,"failureMessages":[],"meta":{}},{"ancestorTitles":["Session chaining - action.run_agent"],"fullName":"Session chaining - action.run_agent records assign and handoff delegation events for delegated agent runs","status":"passed","title":"records assign and handoff delegation events for delegated agent runs","duration":308.27890000000116,"failureMessages":[],"meta":{}},{"ancestorTitles":["Session chaining - action.run_agent"],"fullName":"Session chaining - action.run_agent records delegated runs in session tracker for task visibility","status":"passed","title":"records delegated runs in session tracker for task visibility","duration":286.0175999999992,"failureMessages":[],"meta":{}},{"ancestorTitles":["Session chaining - action.run_agent"],"fullName":"Session chaining - action.run_agent marks stalled delegated workflows retryable and recovers only once","status":"passed","title":"marks stalled delegated workflows retryable and recovers only once","duration":279.2009999999973,"failureMessages":[],"meta":{}},{"ancestorTitles":["Session chaining - action.run_agent"],"fullName":"Session chaining - action.run_agent does not retry delegated workflows more than once after watchdog recovery","status":"passed","title":"does not retry delegated workflows more than once after watchdog recovery","duration":281.3667999999998,"failureMessages":[],"meta":{}},{"ancestorTitles":["Session chaining - action.run_agent"],"fullName":"Session chaining - action.run_agent records delegated session as completed when child workflow succeeds","status":"passed","title":"records delegated session as completed when child workflow succeeds","duration":281.0735999999997,"failureMessages":[],"meta":{}},{"ancestorTitles":["Session chaining - action.run_agent"],"fullName":"Session chaining - action.run_agent keeps delegated completion visible even when the child workflow ends without explicit output","status":"passed","title":"keeps delegated completion visible even when the child workflow ends without explicit output","duration":289.27600000000166,"failureMessages":[],"meta":{}},{"ancestorTitles":["Session chaining - action.run_agent"],"fullName":"Session chaining - action.run_agent marks delegated task session failed when delegated workflow returns errors","status":"passed","title":"marks delegated task session failed when delegated workflow returns errors","duration":276.80790000000343,"failureMessages":[],"meta":{}},{"ancestorTitles":["Session chaining - action.run_agent"],"fullName":"Session chaining - action.run_agent preserves existing task session visibility when delegated workflow reuses current session id","status":"passed","title":"preserves existing task session visibility when delegated workflow reuses current session id","duration":280.3885999999984,"failureMessages":[],"meta":{}},{"ancestorTitles":["Session chaining - action.run_agent"],"fullName":"Session chaining - action.run_agent records delegation audit trail in run detail and history summaries","status":"passed","title":"records delegation audit trail in run detail and history summaries","duration":436.2224000000024,"failureMessages":[],"meta":{}},{"ancestorTitles":["Session chaining - action.run_agent"],"fullName":"Session chaining - action.run_agent keeps delegation transition side effects idempotent across duplicate transition keys","status":"passed","title":"keeps delegation transition side effects idempotent across duplicate transition keys","duration":285.9536999999982,"failureMessages":[],"meta":{}},{"ancestorTitles":["Session chaining - action.run_agent"],"fullName":"Session chaining - action.run_agent records autonomous agent recovery attempts in the execution ledger","status":"passed","title":"records autonomous agent recovery attempts in the execution ledger","duration":311.65910000000076,"failureMessages":[],"meta":{}},{"ancestorTitles":["Session chaining - action.run_agent"],"fullName":"Session chaining - action.run_agent does not delegate agent workflows when task context is missing","status":"passed","title":"does not delegate agent workflows when task context is missing","duration":27.685099999998783,"failureMessages":[],"meta":{}},{"ancestorTitles":["Session chaining - action.run_agent"],"fullName":"Session chaining - action.run_agent trigger.task_assigned applies agentType, taskPattern, and filter together","status":"passed","title":"trigger.task_assigned applies agentType, taskPattern, and filter together","duration":1.0305999999982305,"failureMessages":[],"meta":{}},{"ancestorTitles":["trigger.pr_event normalization"],"fullName":"trigger.pr_event normalization treats ready_for_review and synchronize aliases as opened","status":"passed","title":"treats ready_for_review and synchronize aliases as opened","duration":0.2649999999994179,"failureMessages":[],"meta":{}},{"ancestorTitles":["trigger.pr_event normalization"],"fullName":"trigger.pr_event normalization supports config.events list for merge strategy triggers","status":"passed","title":"supports config.events list for merge strategy triggers","duration":0.12080000000059954,"failureMessages":[],"meta":{}},{"ancestorTitles":[],"fullName":"agent.run_planner streams planner events and propagates threadId","status":"passed","title":"agent.run_planner streams planner events and propagates threadId","duration":8.02679999999964,"failureMessages":[],"meta":{}},{"ancestorTitles":[],"fullName":"agent.run_planner appends output requirements to explicit prompts and honors templated taskCount","status":"passed","title":"agent.run_planner appends output requirements to explicit prompts and honors templated taskCount","duration":5.039600000000064,"failureMessages":[],"meta":{}},{"ancestorTitles":[],"fullName":"agent.run_planner appends planner feedback context from workflow data","status":"passed","title":"agent.run_planner appends planner feedback context from workflow data","duration":4.692199999997683,"failureMessages":[],"meta":{}},{"ancestorTitles":[],"fullName":"agent.run_planner avoids duplicating planner feedback already present in the prompt context","status":"passed","title":"agent.run_planner avoids duplicating planner feedback already present in the prompt context","duration":4.884500000000116,"failureMessages":[],"meta":{}},{"ancestorTitles":[],"fullName":"agent.run_planner injects compact repo topology when enabled","status":"passed","title":"agent.run_planner injects compact repo topology when enabled","duration":4.628500000002532,"failureMessages":[],"meta":{}},{"ancestorTitles":[],"fullName":"agent.run_planner avoids duplicating repo topology blocks","status":"passed","title":"agent.run_planner avoids duplicating repo topology blocks","duration":4.308999999997468,"failureMessages":[],"meta":{}},{"ancestorTitles":[],"fullName":"action.run_agent avoids duplicating repo topology in architect/editor framing","status":"passed","title":"action.run_agent avoids duplicating repo topology in architect/editor framing","duration":26.176899999998568,"failureMessages":[],"meta":{}},{"ancestorTitles":[],"fullName":"agent.run_planner fails immediately when planner dependencies are unavailable","status":"passed","title":"agent.run_planner fails immediately when planner dependencies are unavailable","duration":2.226600000001781,"failureMessages":[],"meta":{}},{"ancestorTitles":[],"fullName":"action.materialize_planner_tasks parses fenced JSON and creates tasks","status":"passed","title":"action.materialize_planner_tasks parses fenced JSON and creates tasks","duration":4.292499999999563,"failureMessages":[],"meta":{}},{"ancestorTitles":[],"fullName":"action.materialize_planner_tasks fails when all parsed tasks are skipped and minCreated is not met","status":"passed","title":"action.materialize_planner_tasks fails when all parsed tasks are skipped and minCreated is not met","duration":0.4555000000000291,"failureMessages":[],"meta":{}},{"ancestorTitles":[],"fullName":"action.materialize_planner_tasks passes two args to createTask even with default-param adapters","status":"passed","title":"action.materialize_planner_tasks passes two args to createTask even with default-param adapters","duration":0.5064999999995052,"failureMessages":[],"meta":{}},{"ancestorTitles":[],"fullName":"action.materialize_planner_tasks supports payload-only createTask adapters","status":"passed","title":"action.materialize_planner_tasks supports payload-only createTask adapters","duration":0.44179999999687425,"failureMessages":[],"meta":{}},{"ancestorTitles":[],"fullName":"action.materialize_planner_tasks applies workspace defaults from workflow context when planner output omits them","status":"passed","title":"action.materialize_planner_tasks applies workspace defaults from workflow context when planner output omits them","duration":0.45679999999993015,"failureMessages":[],"meta":{}},{"ancestorTitles":[],"fullName":"action.materialize_planner_tasks enforces planner quality gates and persists planner metadata","status":"passed","title":"action.materialize_planner_tasks enforces planner quality gates and persists planner metadata","duration":0.9799999999995634,"failureMessages":[],"meta":{}},{"ancestorTitles":[],"fullName":"action.materialize_planner_tasks applies planner task graph links after creation","status":"passed","title":"action.materialize_planner_tasks applies planner task graph links after creation","duration":45.41189999999915,"failureMessages":[],"meta":{}},{"ancestorTitles":[],"fullName":"action.materialize_planner_tasks reorders candidates using replayed executor feedback priors","status":"passed","title":"action.materialize_planner_tasks reorders candidates using replayed executor feedback priors","duration":0.7016999999977998,"failureMessages":[],"meta":{}},{"ancestorTitles":[],"fullName":"action.materialize_planner_tasks reorders candidates from planner feedback replay when historical rows lack signals","status":"passed","title":"action.materialize_planner_tasks reorders candidates from planner feedback replay when historical rows lack signals","duration":0.46930000000065775,"failureMessages":[],"meta":{}},{"ancestorTitles":[],"fullName":"action.materialize_planner_tasks avoids over-penalizing patterns after transient failures recover","status":"passed","title":"action.materialize_planner_tasks avoids over-penalizing patterns after transient failures recover","duration":0.42740000000048894,"failureMessages":[],"meta":{}},{"ancestorTitles":[],"fullName":"agent.run_planner injects resume guidance once and preserves next-step context","status":"passed","title":"agent.run_planner injects resume guidance once and preserves next-step context","duration":1.7815000000009604,"failureMessages":[],"meta":{}},{"ancestorTitles":[],"fullName":"action.materialize_planner_tasks preserves resumed DAG ordering and caps to five tasks","status":"passed","title":"action.materialize_planner_tasks preserves resumed DAG ordering and caps to five tasks","duration":0.7605000000003201,"failureMessages":[],"meta":{}},{"ancestorTitles":[],"fullName":"action.materialize_planner_tasks skips completed DAG nodes while keeping the next pending node first","status":"passed","title":"action.materialize_planner_tasks skips completed DAG nodes while keeping the next pending node first","duration":0.6625999999996566,"failureMessages":[],"meta":{}},{"ancestorTitles":["WorkflowEngine singleton services"],"fullName":"WorkflowEngine singleton services merges injected services when getWorkflowEngine is called after initialization","status":"passed","title":"merges injected services when getWorkflowEngine is called after initialization","duration":15.613600000000588,"failureMessages":[],"meta":{}},{"ancestorTitles":["WorkflowEngine singleton services"],"fullName":"WorkflowEngine singleton services reinitializes the singleton when explicit workflow directories change","status":"passed","title":"reinitializes the singleton when explicit workflow directories change","duration":111.82480000000214,"failureMessages":[],"meta":{}},{"ancestorTitles":["Anomaly → Workflow bridge"],"fullName":"Anomaly → Workflow bridge wrapAnomalyCallback fires workflow triggers","status":"passed","title":"wrapAnomalyCallback fires workflow triggers","duration":4.684299999997165,"failureMessages":[],"meta":{}},{"ancestorTitles":["Template dedup on install"],"fullName":"Template dedup on install rejects installing a template that is already installed","status":"passed","title":"rejects installing a template that is already installed","duration":13.780099999999948,"failureMessages":[],"meta":{}},{"ancestorTitles":["WorkflowEngine - configurable retry backoff"],"fullName":"WorkflowEngine - configurable retry backoff uses custom retryDelayMs for backoff base","status":"passed","title":"uses custom retryDelayMs for backoff base","duration":87.73689999999988,"failureMessages":[],"meta":{}},{"ancestorTitles":["WorkflowEngine - configurable retry backoff"],"fullName":"WorkflowEngine - configurable retry backoff defaults to 1000ms base when retryDelayMs not set","status":"passed","title":"defaults to 1000ms base when retryDelayMs not set","duration":1098.141499999998,"failureMessages":[],"meta":{}},{"ancestorTitles":["WorkflowEngine - timeout timer cleanup"],"fullName":"WorkflowEngine - timeout timer cleanup does not leak timers when node completes before timeout","status":"passed","title":"does not leak timers when node completes before timeout","duration":79.97810000000027,"failureMessages":[],"meta":{}},{"ancestorTitles":["WorkflowEngine - timeout timer cleanup"],"fullName":"WorkflowEngine - timeout timer cleanup honors timeoutMs from node config","status":"passed","title":"honors timeoutMs from node config","duration":1083.7368999999999,"failureMessages":[],"meta":{}},{"ancestorTitles":["Concurrency limiter"],"fullName":"Concurrency limiter getConcurrencyStats returns defaults","status":"passed","title":"getConcurrencyStats returns defaults","duration":1930.9288000000015,"failureMessages":[],"meta":{}},{"ancestorTitles":["Concurrency limiter"],"fullName":"Concurrency limiter getConcurrencyStats reports harness subagent pool occupancy","status":"passed","title":"getConcurrencyStats reports harness subagent pool occupancy","duration":1952.2894000000015,"failureMessages":[],"meta":{}},{"ancestorTitles":["Concurrency limiter"],"fullName":"Concurrency limiter tracks activeRuns count during execution","status":"passed","title":"tracks activeRuns count during execution","duration":2002.9984000000004,"failureMessages":[],"meta":{}},{"ancestorTitles":["Concurrency limiter"],"fullName":"Concurrency limiter concurrent runs track correctly","status":"passed","title":"concurrent runs track correctly","duration":2196.461299999999,"failureMessages":[],"meta":{}},{"ancestorTitles":["WorkflowEngine task traceability hooks"],"fullName":"WorkflowEngine task traceability hooks does not emit task trace events when task context is absent","status":"passed","title":"does not emit task trace events when task context is absent","duration":78.66890000000058,"failureMessages":[],"meta":{}},{"ancestorTitles":["WorkflowEngine task traceability hooks"],"fullName":"WorkflowEngine task traceability hooks collects task-linked run and node trace summaries when taskId exists","status":"passed","title":"collects task-linked run and node trace summaries when taskId exists","duration":77.17370000000301,"failureMessages":[],"meta":{}},{"ancestorTitles":["WorkflowEngine task traceability hooks"],"fullName":"WorkflowEngine task traceability hooks derives task context from action.create_task output for downstream traceability","status":"passed","title":"derives task context from action.create_task output for downstream traceability","duration":78.02289999999994,"failureMessages":[],"meta":{}},{"ancestorTitles":["WorkflowEngine.getTaskTraceEvents"],"fullName":"WorkflowEngine.getTaskTraceEvents returns cloned task trace events from persisted run detail","status":"passed","title":"returns cloned task trace events from persisted run detail","duration":78.19390000000203,"failureMessages":[],"meta":{}},{"ancestorTitles":["WorkflowEngine.getTaskTraceEvents"],"fullName":"WorkflowEngine.getTaskTraceEvents reads task trace events from lightweight run detail","status":"passed","title":"reads task trace events from lightweight run detail","duration":1.1309000000001106,"failureMessages":[],"meta":{}},{"ancestorTitles":["WorkflowEngine.getTaskTraceEvents"],"fullName":"WorkflowEngine.getTaskTraceEvents includes benchmark hints on workflow end events after in-run evaluation","status":"passed","title":"includes benchmark hints on workflow end events after in-run evaluation","duration":89.67209999999977,"failureMessages":[],"meta":{}},{"ancestorTitles":["WorkflowEngine.getTaskTraceEvents"],"fullName":"WorkflowEngine.getTaskTraceEvents emits nested task and agent spans for task-backed agent nodes","status":"passed","title":"emits nested task and agent spans for task-backed agent nodes","duration":387.1707999999999,"failureMessages":[],"meta":{}},{"ancestorTitles":["WorkflowEngine.getTaskTraceEvents"],"fullName":"WorkflowEngine.getTaskTraceEvents preserves a single trace across parent and child workflow execution","status":"passed","title":"preserves a single trace across parent and child workflow execution","duration":277.8063000000002,"failureMessages":[],"meta":{}},{"ancestorTitles":["WorkflowEngine.getTaskTraceEvents"],"fullName":"WorkflowEngine.getTaskTraceEvents records DAGState revisions and preserves completed nodes when replanning from a failed boundary","status":"passed","title":"records DAGState revisions and preserves completed nodes when replanning from a failed boundary","duration":125.27279999999882,"failureMessages":[],"meta":{}},{"ancestorTitles":["WorkflowEngine.getTaskTraceEvents"],"fullName":"WorkflowEngine.getTaskTraceEvents hydrates delegation audit trail into run detail and history read models","status":"passed","title":"hydrates delegation audit trail into run detail and history read models","duration":73.25690000000031,"failureMessages":[],"meta":{}},{"ancestorTitles":["WorkflowEngine.getTaskTraceEvents"],"fullName":"WorkflowEngine.getTaskTraceEvents hydrates workflow team state into run detail and history read models","status":"passed","title":"hydrates workflow team state into run detail and history read models","duration":155.42469999999958,"failureMessages":[],"meta":{}},{"ancestorTitles":["WorkflowEngine.getTaskTraceEvents"],"fullName":"WorkflowEngine.getTaskTraceEvents distinguishes rerun, fix-step, and subgraph replan retry decisions","status":"passed","title":"distinguishes rerun, fix-step, and subgraph replan retry decisions","duration":1.3708000000005995,"failureMessages":[],"meta":{}},{"ancestorTitles":["delegation audit trail hydration"],"fullName":"delegation audit trail hydration hydrates persisted delegation trail into run detail and history","status":"passed","title":"hydrates persisted delegation trail into run detail and history","duration":13.988900000000285,"failureMessages":[],"meta":{}}],"startTime":1776885026283,"endTime":1776885057686.989,"status":"failed","message":"","name":"C:/Users/jON/Documents/source/repos/virtengine-gh/bosun/tests/workflow-engine.test.mjs"}]}